Vivado Simulator 2020.2
Copyright 1986-1999, 2001-2020 Xilinx, Inc. All Rights Reserved.
Running: C:/Xilinx/Vivado/2020.2/bin/unwrapped/win64.o/xelab.exe -wto 15840954c0d94037b0e4bcb349ef11ac --incr --debug typical --relax --mt 2 -L xil_defaultlib -L fifo_generator_v13_2_5 -L unisims_ver -L unimacro_ver -L secureip -L xpm --snapshot hybrid_counter_tb_behav xil_defaultlib.hybrid_counter_tb xil_defaultlib.glbl -log elaborate.log 
Using 2 slave threads.
Starting static elaboration
Pass Through NonSizing Optimizer
WARNING: [VRFC 10-5021] port 'rst' is not connected on this instance [C:/Users/raghu/Downloads/tdc-fpga-project-main.tar/fpga-tdc/batch_2020_21/tdc_CFF.xpr/tdc_CFF/tdc_CFF.srcs/sources_1/new/top.v:79]
Completed static elaboration
Starting simulation data flow analysis
Completed simulation data flow analysis
Time Resolution for simulation is 1ps
Compiling package std.standard
Compiling package std.textio
Compiling package ieee.std_logic_1164
Compiling package ieee.std_logic_arith
Compiling package ieee.std_logic_unsigned
Compiling package synopsys.attributes
Compiling package ieee.std_logic_misc
Compiling package fifo_generator_v13_2_5.fifo_generator_v13_2_5_pkg
Compiling package xpm.vcomponents
Compiling package ieee.numeric_std
Compiling package unisim.vcomponents
Compiling package ieee.vital_timing
Compiling package ieee.vital_primitives
Compiling package unisim.vpkg
Compiling package vl.vl_types
Compiling module xil_defaultlib.glbl
Compiling module unisims_ver.IBUF
Compiling module unisims_ver.MMCME2_ADV(CLKFBOUT_MULT_F=15.0,...
Compiling module unisims_ver.BUFG
Compiling module xil_defaultlib.clk_wiz_0_clk_wiz
Compiling module xil_defaultlib.clk_wiz_0
Compiling module xil_defaultlib.DFF
Compiling module xil_defaultlib.delay_chain
Compiling module xil_defaultlib.Fine_Counter
Compiling module xil_defaultlib.Coarse_Counter
Compiling module xil_defaultlib.Hybrid_Counter
Compiling architecture xilinx of entity fifo_generator_v13_2_5.reset_builtin [\reset_builtin(c_common_clock=0,...]
Compiling architecture ff36_internal_vhdl_v of entity unisim.FF36_INTERNAL_VHDL [\FF36_INTERNAL_VHDL(almost_full_...]
Compiling architecture fifo36e1_v of entity unisim.FIFO36E1 [\FIFO36E1(almost_full_offset="00...]
Compiling architecture xilinx of entity fifo_generator_v13_2_5.builtin_prim_v6 [\builtin_prim_v6(c_family="7SERI...]
Compiling architecture xilinx of entity fifo_generator_v13_2_5.builtin_extdepth_v6 [\builtin_extdepth_v6(c_family="7...]
Compiling architecture xilinx of entity fifo_generator_v13_2_5.builtin_top_v6 [\builtin_top_v6(c_family="7SERIE...]
Compiling architecture xilinx of entity fifo_generator_v13_2_5.input_blk [\input_blk(c_common_clock=0,c_di...]
Compiling architecture xilinx of entity fifo_generator_v13_2_5.output_blk [\output_blk(c_dout_width=64,c_pk...]
Compiling architecture xilinx of entity fifo_generator_v13_2_5.fifo_generator_v13_2_5_builtin [\fifo_generator_v13_2_5_builtin(...]
Compiling architecture xilinx of entity fifo_generator_v13_2_5.fifo_generator_top [\fifo_generator_top(c_family="vi...]
Compiling architecture xilinx of entity fifo_generator_v13_2_5.fifo_generator_v13_2_5_synth [\fifo_generator_v13_2_5_synth(c_...]
Compiling module xil_defaultlib.fifo_generator_0
Compiling module xil_defaultlib.fifo
Compiling module xil_defaultlib.transmitter
Compiling module xil_defaultlib.top
Compiling architecture rtl of entity xil_defaultlib.UART_RX [\UART_RX(g_clks_per_bit=868)\]
Compiling architecture behavioral of entity xil_defaultlib.hybrid_counter_tb
Built simulation snapshot hybrid_counter_tb_behav
